<?xml version="1.0" encoding="UTF-8"?>
<coverage generated="1749021263576" clover="3.2.0">
  <project timestamp="1749021263576" name="All files">
    <metrics statements="3" coveredstatements="3" conditionals="2" coveredconditionals="2" methods="2" coveredmethods="2" elements="7" coveredelements="7" complexity="0" loc="3" ncloc="3" packages="1" files="1" classes="1"/>
    <file name="sortHeroes.js" path="C:\Users\Sergey\OneDrive\Рабочий стол\Matchers\src\sortHeroes.js">
      <metrics statements="3" coveredstatements="3" conditionals="2" coveredconditionals="2" methods="2" coveredmethods="2"/>
      <line num="2" count="5" type="cond" truecount="2" falsecount="0"/>
      <line num="3" count="1" type="stmt"/>
      <line num="6" count="10" type="stmt"/>
    </file>
  </project>
</coverage>
