{"C:\\Users\\Sergey\\OneDrive\\Рабочий стол\\Matchers\\src\\sortHeroes.js": {"path":"C:\\Users\\Sergey\\OneDrive\\Рабочий стол\\Matchers\\src\\sortHeroes.js","statementMap":{"0":{"start":{"line":2,"column":6},"end":{"line":4,"column":7}},"1":{"start":{"line":3,"column":8},"end":{"line":3,"column":61}},"2":{"start":{"line":6,"column":6},"end":{"line":6,"column":64}},"3":{"start":{"line":6,"column":43},"end":{"line":6,"column":62}}},"fnMap":{"0":{"name":"sortHeroes","decl":{"start":{"line":1,"column":25},"end":{"line":1,"column":35}},"loc":{"start":{"line":1,"column":44},"end":{"line":7,"column":5}},"line":1},"1":{"name":"(anonymous_1)","decl":{"start":{"line":6,"column":33},"end":{"line":6,"column":34}},"loc":{"start":{"line":6,"column":43},"end":{"line":6,"column":62}},"line":6}},"branchMap":{"0":{"loc":{"start":{"line":2,"column":6},"end":{"line":4,"column":7}},"type":"if","locations":[{"start":{"line":2,"column":6},"end":{"line":4,"column":7}},{"start":{},"end":{}}],"line":2}},"s":{"0":5,"1":1,"2":4,"3":10},"f":{"0":5,"1":10},"b":{"0":[1,4]},"_coverageSchema":"1a1c01bbd47fc00a2c39e90264f33305004495a9","hash":"7660c3bd2977b7da94157b26823ada23e3104d7c"}
}
